<!DOCTYPE html>
<html>
	<head>
        <meta http-equiv="content-type" content="text/html; charset=UTF-8" />
		<title>Unnamed project Test Execution Report</title>
        <script type="text/javascript" src="http://code.jquery.com/jquery-1.6.2.min.js"></script>
        <script type="text/javascript">
            /**
            * jQuery.fn.sortElements
            * --------------
            * #author James Padolsey (http://james.padolsey.com)
            * #version 0.11
            * #updated 18-MAR-2010
            * #url https://raw.github.com/jamespadolsey/jQuery-Plugins/master/sortElements/jquery.sortElements.js
            * --------------
            * #param Function comparator:
            *   Exactly the same behaviour as [1,2,3].sort(comparator)
            *   
            * #param Function getSortable
            *   A function that should return the element that is
            *   to be sorted. The comparator will run on the
            *   current collection, but you may want the actual
            *   resulting sort to occur on a parent or another
            *   associated element.
            *   
            *   E.g. $('td').sortElements(comparator, function(){
            *      return this.parentNode; 
            *   })
            *   
            *   The <td>'s parent (<tr>) will be sorted instead
            *   of the <td> itself.
            */
            jQuery.fn.sortElements = (function () {

                var sort = [].sort;

                return function (comparator, getSortable) {

                    getSortable = getSortable || function () { return this; };

                    var placements = this.map(function () {

                        var sortElement = getSortable.call(this),
                parentNode = sortElement.parentNode,

                        // Since the element itself will change position, we have
                        // to have some way of storing it's original position in
                        // the DOM. The easiest way is to have a 'flag' node:
                nextSibling = parentNode.insertBefore(
                    document.createTextNode(''),
                    sortElement.nextSibling
                );

                        return function () {

                            if (parentNode === this) {
                                throw new Error(
                        "You can't sort elements if any one is a descendant of another."
                    );
                            }

                            // Insert before flag:
                            parentNode.insertBefore(this, nextSibling);
                            // Remove flag:
                            parentNode.removeChild(nextSibling);

                        };

                    });

                    return sort.call(this, comparator).each(function (i) {
                        placements[i].call(getSortable.call(this));
                    });

                };

            })();
        </script>
        <script type="text/javascript">
            jQuery.fn.setBarSizes = (function () {
                return function (metricName, maxBarSize, min) {
                    var max = Math.max.apply(Math, $.makeArray($(this).map(function () { return Number($(this).attr('data-sr-' + metricName)); })));
                    var scale = 1.0;
                    while (max > 0.0 && max <= 10.0) {
                        scale = scale * 10.0;
                        max = max * 10.0;
                    }
                    max = (Math.ceil(max / 2) * 2) / scale;

                    this.each(function () {
                        var barAnchor = $(this).find('a');
                        var actual = $(this).attr('data-sr-' + metricName);
                        var newHeight = Math.max(Math.round(maxBarSize * (actual - min) / (max - min)), 2);
                        barAnchor.css({ height: newHeight });
                    });

                    var unit = "";
                    if (metricName.substr(metricName.length - 4, 4) === "time")
                        unit = "s";

                    $('#testview .scale-min-label').each(function () {
                        $(this).text(min.toString() + unit);
                    });
                    $('#testview .scale-max-label').each(function () {
                        $(this).text(max.toString() + unit);
                    });
                    var mid = max / 2;
                    $('#testview .scale-mid-label').each(function () {
                        $(this).text(mid.toString() + unit);
                    });
                };
            })();

            function getComparer(metricName, isDesc) {
                return function (a, b) {
                    var aNumber = Number($(a).attr('data-sr-' + metricName));
                    var bNumber = Number($(b).attr('data-sr-' + metricName));
                    var result = aNumber > bNumber ? 1 : (aNumber < bNumber ? -1 : 0);
                    if (isDesc)
                        result = -1 * result;

                    if (result == 0 && metricName != "order")
                        result = getComparer("order", false)(a, b);

                    return result;
                };
            }

            var currentSort = "";
            function doSort(allowToggleDesc) {
                var newSort = $("input[name='barSortOrder']:checked").val();
                if (allowToggleDesc && currentSort == newSort) {
                    $('#barSortDesc').click();
                    doSort(false);
                    return;
                }
                currentSort = newSort;
                $('#testview td.testview-item').sortElements(getComparer(newSort, $('#barSortDesc').is(':checked')));
            }


            function doSetHeights(allowSort) {
                var selectedMetric = $("input[name='barHeight']:checked").val();
                $('#testview td.testview-item').setBarSizes(selectedMetric, 60, 0.0);

                if (allowSort && currentSort != selectedMetric) {
                    var $radios = $("input[name='barSortOrder']");
                    $radios.filter('[value=' + selectedMetric + ']').attr('checked', true);
                    $("#barSortDesc").attr("checked", [true]);
                    doSort(false);
                }
            }

            $(document).ready(function () {
                $("input[name='barSortOrder']").click(function () { doSort(true); return true; });
                $("input[name='barSortDesc']").change(function () { doSort(false); });
                $("input[name='barHeight']").change(function () { doSetHeights(true); });

                doSort(false);
                doSetHeights(false);

                $("div.scrollable").css({ 'overflow': 'auto' });
            });
        </script>

        <style type="text/css">
            body 
            {
                color: #000000;
                font-family: Arial,Liberation Sans,DejaVu Sans,sans-serif;
                line-height: 130%;
            }
            h1 {
                font-family: Trebuchet MS,Liberation Sans,DejaVu Sans,sans-serif;
                font-size: 170%;
                font-weight: bold;
            }            
            h2 {
                font-family: Trebuchet MS,Liberation Sans,DejaVu Sans,sans-serif;
                font-size: 130%;
                font-weight: bold;
                margin-bottom: 5px;
            }            
            h3 {
                font-family: Trebuchet MS,Liberation Sans,DejaVu Sans,sans-serif;
                font-size: 120%;
                font-weight: bold;
                margin-bottom: 5px;
            }            
            a.bar
            {
                text-decoration: none;
                display: block;
                line-height: 1px;
            }
            .description
            {
                font-style: italic;
            }
            .log 
            {
                width: 600px;
                white-space: pre-wrap;
                display: block;
                margin: 0px;
            }
            .errorMessage 
            {
                width: 600px;
                color: Red;
                font-weight: bold;
            }
            .stackTrace 
            {
                width: 600px;
                white-space: pre-wrap;
                font-style: italic;
                color: Red;
                display: block;
            }
            table.testEvents
            {
                border: solid 1px #e8eef4;
                border-collapse: collapse;
            }
            table.testEvents td
            {
                vertical-align: top;
                padding: 5px;
                border: solid 1px #e8eef4;
            }
            table.testEvents th
            {
                padding: 6px 5px;
                text-align: left;
                background-color: #e8eef4;
                border: solid 1px #e8eef4;                
            }
            .comment
            {
                font-style: italic;
                font-size: smaller;
            }
            .startupBar
            {
                background-color: #EEEEEE;
                cursor: default;
            }
            
            .colorSucceeded
            {
                background-color: #90ED7B;
            }
            .colorIgnored
            {
                background-color: #FFFF85;
            }
            .colorPending
            {
                background-color: #D47BED;
            }
            .colorNothingToRun
            {
                background-color: #CCCCFF;
            }
            .colorSkipped
            {
                background-color: #CCCCFF;
            }
            .colorInconclusive
            {
                background-color: #7BEDED;
            }
            .colorCleanupFailed
            {
                background-color: #FFCCCC;
            }
            .colorRandomlyFailed
            {
                background-color: #EDB07B;
            }
            .colorFailed
            {
                background-color: #ED5F5F;
            }
            .colorInitializationFailed
            {
                background-color: #FF0000;
            }
            .colorFrameworkError
            {
                background-color: #FF0000;
            }
            ul.subNodeLinks
            {
                padding-left: 20px;
                margin: 0px;
            }
            ul.subNodeLinks li
            {
                list-style: none;
            }
            
            /* views general */
            div.scrollable
            {
                /*overflow: auto; - thsi has to be set from js, because of an IE9 bug */
            }
            div.viewbox
            {
                position: relative;
                border: 3px solid #e8eef4;
            }
            div.viewbox table
            {
                border: 0px;
            }
                        
            /* testview */
            #testview
            {
                padding-top: 23px;
            }
            
            table.testview-items td
            {
                vertical-align: bottom;
                padding: 0px 1px 0px 1px;
            }
            td.right-padding, td.left-padding
            {
                width: 25px;
                min-width: 25px;
            }
            table.testview-items a.bar
            {
                width: 5px;
            }
            table.testview-items tr.testview-items-row
            {
                height: 60px;
            }
            
            /* scale */
            table.vertical-scale 
            {
                position: absolute;
                top: 23px;
                left: 0px;
                width: 100%;
                z-index: -100;
            }
            table.vertical-scale td, tr.horizontal-scale td
            {
                font-size: 60%;
                line-height: normal;
            }
            table.vertical-scale tr.scale-max, table.vertical-scale tr.scale-mid 
            {
                height: 30px;
            }
            tr.horizontal-scale, table.vertical-scale tr.scale-min 
            {
                height: 12px;
            }
            
            td.scale-max-label, td.scale-mid-label, td.scale-min-label
            {
                border-top: solid 1px #E6E6E6;
                text-align: left;
                vertical-align: top;
            }
            td.scale-10-label
            {
                border-left: solid 1px #E6E6E6;
                text-align: left;
                vertical-align: bottom;
                padding-left: 1px;
            }
            tr.scale-mid td, tr.scale-min td, tr.scale-max td
            {
                border-top: solid 1px #E6E6E6;
            }
           
            
            /* bar-control */
            #bar-control
            {
                font-size: 60%;
                line-height: normal;
                position: absolute;
                right: 0px;
                top: 0px;
            }
            #bar-control label
            {
                font-weight: bold;
                vertical-align: middle;
            }
            #bar-control .option
            {
                vertical-align: middle;
                text-transform: lowercase;
            }
            #bar-control input[type="checkbox"]
            {
                padding: 0 2px 0 3px;
            }
            #bar-control input
            {
                vertical-align: top;
                height: 12px;
                margin: 0px;
                padding: 0px;
            }
            #bar-control div
            {
                float: right;
                margin: 3px 5px 3px 5px;
            }

            /* timeline view */
            #timelineview
            {
                padding-top: 5px;
            }
            table.timelineview a
            {
                height: 20px;
            }
            table.timelineview td
            {
                vertical-align: bottom;
                padding: 0px 1px 0px 0px;
                border: 0px;
            }
            tr.thread-items-row
            {
                height: 25px;
            }
            tr.thread-items-row td
            {
                vertical-align: bottom;
            }
            td.thread-label
            {
                padding: 0px 6px 0px 6px;
                text-align: right;
                line-height: 18px;
                vertical-align: bottom;
            }
            th.thread-label
            {
                padding: 3px 6px 0px 6px;
                line-height: 18px;
                text-align: left;
                vertical-align: bottom;
            }
        </style>
	</head>
	<body>
        <h1>Unnamed project Test Execution Report</h1>
        
    <ul>
        <li>Project: Unnamed project</li>
        <li>Configuration: </li>
        <li>Test Assemblies: E:\inclass\inClassProject1\SpecFlowProject1\bin\Debug\net5.0\SpecFlowProject1.dll</li>
        <li>Start Time: 10/20/2021 12:06:57 PM</li>
        <li>Duration: 00:00:01.6667889</li>
        <li>Test Threads: 1</li>
    </ul>


        <h2>Result: 3 failed</h2>
        <table class="testEvents">
                <tr>
        <th colspan="2">Success rate</th>
        <th>Tests</th>
        <th>Succeeded</th>
        <th>Failed</th>
        <th>Pending</th>
        <th>Ignored</th>
        <th>Skipped</th>
    </tr>

                <td>
            0%
    </td>
    <td>
            <table class="timelineview" cellpadding="0" cellspacing="0">
        <tr>
    <td>
        <a class="bar colorFailed" 
           style="width: 54px;" 
           title="3 failed" 
                          href="#error_summary"
        ></a>
    </td>
    <td>
        <a class="bar colorSkipped" 
           style="width: 144px;" 
           title="8 skipped" 
                   ></a>
    </td>
        </tr>
    </table>

    </td>
    <td>11 (test executions: 15)</td>
    <td>0</td>
    <td>3</td>
    <td>0</td>
    <td>0</td>
    <td>8</td>

        </table>
        
        <h2>Test Timeline Summary</h2>

        <div id="timelineview" class="viewbox">
            <div class="scrollable">
                <table cellpadding="0" cellspacing="0">
                    <tr>
                        <th class="thread-label" colspan="2">thread</th>
                    </tr>
                        <tr class="thread-items-row">
                            <td class="thread-label" title="Machine: DESKTOP-348I3R7">#0</td>
                            <td colspan="1">
                                <table class="timelineview" cellpadding="0" cellspacing="0">
                                    <tr>

                                            <td>
        <a
            class="bar startupBar" 
            style="width: 4px;" 
                title="test thread startup" 
        >&nbsp;</a>
    </td>

    <td>
        <a
            class="bar colorFailed" 
            style="width: 94px;" 
                title="Add two numbers (in Calculator)" 
                href="#t-1756239185.0"
        >&nbsp;</a>
    </td>
    <td>
        <a
            class="bar colorFailed" 
            style="width: 3px;" 
                title="Add two numbers (in Calculator) retry #1" 
                href="#t-1756239185.1"
        >&nbsp;</a>
    </td>
    <td>
        <a
            class="bar colorFailed" 
            style="width: 3px;" 
                title="Add two numbers (in Calculator) retry #2" 
                href="#t-1756239185.2"
        >&nbsp;</a>
    </td>
    <td>
        <a
            class="bar colorFailed" 
            style="width: 3px;" 
                title="Add two other numbers (in Calculator)" 
                href="#t1892533799.0"
        >&nbsp;</a>
    </td>
    <td>
        <a
            class="bar colorFailed" 
            style="width: 3px;" 
                title="Add two other numbers (in Calculator) retry #1" 
                href="#t1892533799.1"
        >&nbsp;</a>
    </td>
    <td>
        <a
            class="bar colorFailed" 
            style="width: 3px;" 
                title="Add two other numbers (in Calculator) retry #2" 
                href="#t1892533799.2"
        >&nbsp;</a>
    </td>
    <td>
        <a
            class="bar colorFailed" 
            style="width: 3px;" 
                title="Subtract a small number from a bigger number (in Calculator)" 
                href="#t201933267.0"
        >&nbsp;</a>
    </td>
                                    </tr>
                                </table>
                            </td>
                        </tr>
                    <tr class="horizontal-scale">
                        <td>&nbsp;</td>
                        <td class="scale-10-label">0s</td>
                    </tr>
                </table>
            </div>
        </div>

        
    <h2>Test Result View</h2>
    <div id="testview" class="viewbox">
        <div id="bar-control">
            <div id="bar-control-sort">
                <label>sort by:</label>
                <span class="option"><input type="radio" name="barSortOrder" value="exectime" />Time</span>
                <span class="option"><input type="radio" name="barSortOrder" value="acttime" />Act Time</span>
                <span class="option"><input type="radio" name="barSortOrder" value="order" />Execution</span>
                <span class="option"><input type="radio" name="barSortOrder" value="rescode" checked="checked" />Result</span>
                <span class="option"><input type="checkbox" name="barSortDesc" id="barSortDesc" checked="checked" />desc</span>
            </div>
            <div id="bar-control-heights">
                <label>heights:</label>
                <span class="option"><input type="radio" checked="checked" name="barHeight" value="exectime" />Time</span>
                <span class="option"><input type="radio" name="barHeight" value="acttime" />Act Time</span>
            </div>
        </div>
        <table class="vertical-scale" cellpadding="0" cellspacing="0">
            <tr class="scale-max">
                <td class="left-padding scale-max-label">&nbsp;</td>
                <td colspan="15">&nbsp;</td>
                <td class="right-padding">&nbsp;</td>
            </tr>
            <tr class="scale-mid">
                <td class="left-padding scale-mid-label">&nbsp;</td>
                <td colspan="15">&nbsp;</td>
                <td class="right-padding">&nbsp;</td>
            </tr>
            <tr class="scale-min">
                <td class="left-padding scale-min-label">&nbsp;</td>
                <td colspan="15">&nbsp;</td>
                <td class="right-padding">&nbsp;</td>
            </tr>
        </table>
        <div class="scrollable">
            <table class="testview-items" cellpadding="0" cellspacing="0">
                <tr class="testview-items-row">
                    <td class="left-padding">&nbsp;</td>
    <td class="testview-item" 
        data-sr-exectime="1.98E-05" data-sr-rescode="420" data-sr-order="7" data-sr-acttime="0.0">
        <a
            class="bar colorSkipped" 
            style="height: 2px;"
            title="Subtract a bigger number from a smaller number (in Calculator)"
            href="#t-1413534978.0">&nbsp;</a>
    </td>
    <td class="testview-item" 
        data-sr-exectime="1.6E-06" data-sr-rescode="420" data-sr-order="8" data-sr-acttime="0.0">
        <a
            class="bar colorSkipped" 
            style="height: 2px;"
            title="Multiply two positive numbers (in Calculator)"
            href="#t-1192747935.0">&nbsp;</a>
    </td>
    <td class="testview-item" 
        data-sr-exectime="1.3E-06" data-sr-rescode="420" data-sr-order="9" data-sr-acttime="0.0">
        <a
            class="bar colorSkipped" 
            style="height: 2px;"
            title="Divide two numbers (in Calculator)"
            href="#t-1143667803.0">&nbsp;</a>
    </td>
    <td class="testview-item" 
        data-sr-exectime="2.5E-06" data-sr-rescode="420" data-sr-order="10" data-sr-acttime="0.0">
        <a
            class="bar colorSkipped" 
            style="height: 2px;"
            title="Float Division (in Calculator)"
            href="#t1184230755.0">&nbsp;</a>
    </td>
    <td class="testview-item" 
        data-sr-exectime="1.7E-06" data-sr-rescode="420" data-sr-order="11" data-sr-acttime="0.0">
        <a
            class="bar colorSkipped" 
            style="height: 2px;"
            title="Heber assignment 1 (in Calculator)"
            href="#t-1861875422.0">&nbsp;</a>
    </td>
    <td class="testview-item" 
        data-sr-exectime="2.2E-06" data-sr-rescode="420" data-sr-order="12" data-sr-acttime="0.0">
        <a
            class="bar colorSkipped" 
            style="height: 2px;"
            title="Heber assignment 2 (in Calculator)"
            href="#t803314823.0">&nbsp;</a>
    </td>
    <td class="testview-item" 
        data-sr-exectime="1.7E-06" data-sr-rescode="420" data-sr-order="13" data-sr-acttime="0.0">
        <a
            class="bar colorSkipped" 
            style="height: 2px;"
            title="Heber assingment 3 (in Calculator)"
            href="#t1389591078.0">&nbsp;</a>
    </td>
    <td class="testview-item" 
        data-sr-exectime="2.9E-06" data-sr-rescode="420" data-sr-order="14" data-sr-acttime="0.0">
        <a
            class="bar colorSkipped" 
            style="height: 2px;"
            title="Heber assignment 4 (in Calculator)"
            href="#t1764780877.0">&nbsp;</a>
    </td>
    <td class="testview-item" 
        data-sr-exectime="0.4915598" data-sr-rescode="540" data-sr-order="0" data-sr-acttime="0.002">
        <a
            class="bar colorFailed" 
            style="height: 60px;"
            title="Add two numbers (in Calculator)"
            href="#t-1756239185.0">&nbsp;</a>
    </td>
    <td class="testview-item" 
        data-sr-exectime="0.010637" data-sr-rescode="540" data-sr-order="1" data-sr-acttime="0.001">
        <a
            class="bar colorFailed" 
            style="height: 2px;"
            title="Add two numbers (in Calculator) retry #1"
            href="#t-1756239185.1">&nbsp;</a>
    </td>
    <td class="testview-item" 
        data-sr-exectime="0.0096864" data-sr-rescode="540" data-sr-order="2" data-sr-acttime="0.001">
        <a
            class="bar colorFailed" 
            style="height: 2px;"
            title="Add two numbers (in Calculator) retry #2"
            href="#t-1756239185.2">&nbsp;</a>
    </td>
    <td class="testview-item" 
        data-sr-exectime="0.0074446" data-sr-rescode="540" data-sr-order="3" data-sr-acttime="0.001">
        <a
            class="bar colorFailed" 
            style="height: 2px;"
            title="Add two other numbers (in Calculator)"
            href="#t1892533799.0">&nbsp;</a>
    </td>
    <td class="testview-item" 
        data-sr-exectime="0.0068506" data-sr-rescode="540" data-sr-order="4" data-sr-acttime="0.001">
        <a
            class="bar colorFailed" 
            style="height: 2px;"
            title="Add two other numbers (in Calculator) retry #1"
            href="#t1892533799.1">&nbsp;</a>
    </td>
    <td class="testview-item" 
        data-sr-exectime="0.0062469" data-sr-rescode="540" data-sr-order="5" data-sr-acttime="0.001">
        <a
            class="bar colorFailed" 
            style="height: 2px;"
            title="Add two other numbers (in Calculator) retry #2"
            href="#t1892533799.2">&nbsp;</a>
    </td>
    <td class="testview-item" 
        data-sr-exectime="0.0101984" data-sr-rescode="540" data-sr-order="6" data-sr-acttime="0.002">
        <a
            class="bar colorFailed" 
            style="height: 2px;"
            title="Subtract a small number from a bigger number (in Calculator)"
            href="#t201933267.0">&nbsp;</a>
    </td>
                    <td class="right-padding">&nbsp;</td>
                </tr>
                <tr class="horizontal-scale">
                    <td class="left-padding">&nbsp;</td>
                    <td colspan="10">&nbsp;</td>
                </tr>
            </table>
        </div>
    </div>

        
        
    <h2>Feature Summary</h2>
    <table class="testEvents">
            <tr>
            <th>Feature</th>
        <th colspan="2">Success rate</th>
        <th>Tests</th>
        <th>Succeeded</th>
        <th>Failed</th>
        <th>Pending</th>
        <th>Ignored</th>
        <th>Skipped</th>
            <th>Duration</th>
    </tr>


            <tr>
                <td><a href="#f-506336254">Calculator</a></td>
                    <td>
            0%
    </td>
    <td>
            <table class="timelineview" cellpadding="0" cellspacing="0">
        <tr>
    <td>
        <a class="bar colorFailed" 
           style="width: 126px;" 
           title="3 failed" 
                          href="#error_summary"
        ></a>
    </td>
    <td>
        <a class="bar colorSkipped" 
           style="width: 144px;" 
           title="8 skipped" 
                   ></a>
    </td>
        </tr>
    </table>

    </td>
    <td>11 (test executions: 15)</td>
    <td>0</td>
    <td>7</td>
    <td>0</td>
    <td>0</td>
    <td>8</td>
        <td>00:00:00.5426574</td>

            </tr>
    </table>


        <a name="error_summary" />
        <h2>Error Summary</h2>
        <table class="testEvents">
                <tr>
            <th>Test</th>
        <th colspan="2">Success rate</th>
        <th>Tests</th>
        <th>Succeeded</th>
        <th>Failed</th>
        <th>Pending</th>
        <th>Ignored</th>
        <th>Skipped</th>
    </tr>

                <tr>
                    <td>
                        <a href="#t-1756239185.0">Add two numbers (in SpecFlowProject1, Calculator)</a>
                            <a href="#t-1756239185.1">retry #1</a>
                            <a href="#t-1756239185.2">retry #2</a>
                    </td>
                        <td>
            0%
    </td>
    <td>
            <table class="timelineview" cellpadding="0" cellspacing="0">
        <tr>
    <td>
        <a class="bar colorFailed" 
           style="width: 599px;" 
           title="1 failed" 
                          href="#error_summary"
        ></a>
    </td>
        </tr>
    </table>

    </td>
    <td>1 (test executions: 3)</td>
    <td>0</td>
    <td>3</td>
    <td>0</td>
    <td>0</td>
    <td>0</td>

                </tr>
                <tr>
                    <td colspan="9" style="padding-left: 20px;"><div class="errorMessage">Error: Expected _result to be 120, but found 70.</div></td>
                </tr>
                <tr>
                    <td>
                        <a href="#t1892533799.0">Add two other numbers (in SpecFlowProject1, Calculator)</a>
                            <a href="#t1892533799.1">retry #1</a>
                            <a href="#t1892533799.2">retry #2</a>
                    </td>
                        <td>
            0%
    </td>
    <td>
            <table class="timelineview" cellpadding="0" cellspacing="0">
        <tr>
    <td>
        <a class="bar colorFailed" 
           style="width: 599px;" 
           title="1 failed" 
                          href="#error_summary"
        ></a>
    </td>
        </tr>
    </table>

    </td>
    <td>1 (test executions: 3)</td>
    <td>0</td>
    <td>3</td>
    <td>0</td>
    <td>0</td>
    <td>0</td>

                </tr>
                <tr>
                    <td colspan="9" style="padding-left: 20px;"><div class="errorMessage">Error: Expected _result to be 110, but found 60.</div></td>
                </tr>
                <tr>
                    <td>
                        <a href="#t201933267.0">Subtract a small number from a bigger number (in SpecFlowProject1, Calculator)</a>
                    </td>
                        <td>
            0%
    </td>
    <td>
            <table class="timelineview" cellpadding="0" cellspacing="0">
        <tr>
    <td>
        <a class="bar colorFailed" 
           style="width: 199px;" 
           title="1 failed" 
                          href="#error_summary"
        ></a>
    </td>
        </tr>
    </table>

    </td>
    <td>1</td>
    <td>0</td>
    <td>1</td>
    <td>0</td>
    <td>0</td>
    <td>0</td>

                </tr>
                <tr>
                    <td colspan="9" style="padding-left: 20px;"><div class="errorMessage">Error: Expected _result to be 25, but found -75.</div></td>
                </tr>
        </table>

        <h2>Scenario Summary</h2>
            <a name="f-506336254" />
            <h3>Feature: Calculator</h3>
                <div class="description"><pre>![Calculator](https://specflow.org/wp-content/uploads/2020/09/calculator.png)
Simple calculator for adding **two** numbers

Link to a feature: [Calculator](SpecFlowProject1/Features/Calculator.feature)
***Further read***: **[Learn more about how to generate Living Documentation](https://docs.specflow.org/projects/specflow-livingdoc/en/latest/LivingDocGenerator/Generating-Documentation.html)**</pre>
                </div>
            <table class="testEvents">
                    <tr>
            <th>Test</th>
        <th colspan="2">Success rate</th>
        <th>Tests</th>
        <th>Succeeded</th>
        <th>Failed</th>
        <th>Pending</th>
        <th>Ignored</th>
        <th>Skipped</th>
            <th>Duration</th>
    </tr>

                    <tr>
                        <td>
                                    <a href="#t-1756239185.0">Scenario: Add two numbers</a>
            <a href="#t-1756239185.1">retry #1</a>
            <a href="#t-1756239185.2">retry #2</a>

                        </td>
                        
                            <td>
            0%
    </td>
    <td>
            <table class="timelineview" cellpadding="0" cellspacing="0">
        <tr>
    <td>
        <a class="bar colorFailed" 
           style="width: 599px;" 
           title="1 failed" 
                          href="#error_summary"
        ></a>
    </td>
        </tr>
    </table>

    </td>
    <td>1 (test executions: 3)</td>
    <td>0</td>
    <td>3</td>
    <td>0</td>
    <td>0</td>
    <td>0</td>
        <td>00:00:00.5118832</td>

                        
                    </tr>
                    <tr>
                        <td>
                                    <a href="#t1892533799.0">Scenario: Add two other numbers</a>
            <a href="#t1892533799.1">retry #1</a>
            <a href="#t1892533799.2">retry #2</a>

                        </td>
                        
                            <td>
            0%
    </td>
    <td>
            <table class="timelineview" cellpadding="0" cellspacing="0">
        <tr>
    <td>
        <a class="bar colorFailed" 
           style="width: 599px;" 
           title="1 failed" 
                          href="#error_summary"
        ></a>
    </td>
        </tr>
    </table>

    </td>
    <td>1 (test executions: 3)</td>
    <td>0</td>
    <td>3</td>
    <td>0</td>
    <td>0</td>
    <td>0</td>
        <td>00:00:00.0205421</td>

                        
                    </tr>
                    <tr>
                        <td>
                                    <a href="#t201933267.0">Scenario: Subtract a small number from a bigger number</a>

                        </td>
                        
                            <td>
            0%
    </td>
    <td>
            <table class="timelineview" cellpadding="0" cellspacing="0">
        <tr>
    <td>
        <a class="bar colorFailed" 
           style="width: 199px;" 
           title="1 failed" 
                          href="#error_summary"
        ></a>
    </td>
        </tr>
    </table>

    </td>
    <td>1</td>
    <td>0</td>
    <td>1</td>
    <td>0</td>
    <td>0</td>
    <td>0</td>
        <td>00:00:00.0101984</td>

                        
                    </tr>
                    <tr>
                        <td>
                                    <a href="#t-1413534978.0">Scenario: Subtract a bigger number from a smaller number</a>

                        </td>
                        
                            <td>
            n/a
    </td>
    <td>
            <table class="timelineview" cellpadding="0" cellspacing="0">
        <tr>
    <td>
        <a class="bar colorSkipped" 
           style="width: 199px;" 
           title="1 skipped" 
                   ></a>
    </td>
        </tr>
    </table>

    </td>
    <td>1</td>
    <td>0</td>
    <td>0</td>
    <td>0</td>
    <td>0</td>
    <td>1</td>
        <td>00:00:00.0000198</td>

                        
                    </tr>
                    <tr>
                        <td>
                                    <a href="#t-1192747935.0">Scenario: Multiply two positive numbers</a>

                        </td>
                        
                            <td>
            n/a
    </td>
    <td>
            <table class="timelineview" cellpadding="0" cellspacing="0">
        <tr>
    <td>
        <a class="bar colorSkipped" 
           style="width: 199px;" 
           title="1 skipped" 
                   ></a>
    </td>
        </tr>
    </table>

    </td>
    <td>1</td>
    <td>0</td>
    <td>0</td>
    <td>0</td>
    <td>0</td>
    <td>1</td>
        <td>00:00:00.0000016</td>

                        
                    </tr>
                    <tr>
                        <td>
                                    <a href="#t-1143667803.0">Scenario: Divide two numbers</a>

                        </td>
                        
                            <td>
            n/a
    </td>
    <td>
            <table class="timelineview" cellpadding="0" cellspacing="0">
        <tr>
    <td>
        <a class="bar colorSkipped" 
           style="width: 199px;" 
           title="1 skipped" 
                   ></a>
    </td>
        </tr>
    </table>

    </td>
    <td>1</td>
    <td>0</td>
    <td>0</td>
    <td>0</td>
    <td>0</td>
    <td>1</td>
        <td>00:00:00.0000013</td>

                        
                    </tr>
                    <tr>
                        <td>
                                    <a href="#t1184230755.0">Scenario: Float Division</a>

                        </td>
                        
                            <td>
            n/a
    </td>
    <td>
            <table class="timelineview" cellpadding="0" cellspacing="0">
        <tr>
    <td>
        <a class="bar colorSkipped" 
           style="width: 199px;" 
           title="1 skipped" 
                   ></a>
    </td>
        </tr>
    </table>

    </td>
    <td>1</td>
    <td>0</td>
    <td>0</td>
    <td>0</td>
    <td>0</td>
    <td>1</td>
        <td>00:00:00.0000025</td>

                        
                    </tr>
                    <tr>
                        <td>
                                    <a href="#t-1861875422.0">Scenario: Heber assignment 1</a>

                        </td>
                        
                            <td>
            n/a
    </td>
    <td>
            <table class="timelineview" cellpadding="0" cellspacing="0">
        <tr>
    <td>
        <a class="bar colorSkipped" 
           style="width: 199px;" 
           title="1 skipped" 
                   ></a>
    </td>
        </tr>
    </table>

    </td>
    <td>1</td>
    <td>0</td>
    <td>0</td>
    <td>0</td>
    <td>0</td>
    <td>1</td>
        <td>00:00:00.0000017</td>

                        
                    </tr>
                    <tr>
                        <td>
                                    <a href="#t803314823.0">Scenario: Heber assignment 2</a>

                        </td>
                        
                            <td>
            n/a
    </td>
    <td>
            <table class="timelineview" cellpadding="0" cellspacing="0">
        <tr>
    <td>
        <a class="bar colorSkipped" 
           style="width: 199px;" 
           title="1 skipped" 
                   ></a>
    </td>
        </tr>
    </table>

    </td>
    <td>1</td>
    <td>0</td>
    <td>0</td>
    <td>0</td>
    <td>0</td>
    <td>1</td>
        <td>00:00:00.0000022</td>

                        
                    </tr>
                    <tr>
                        <td>
                                    <a href="#t1389591078.0">Scenario: Heber assingment 3</a>

                        </td>
                        
                            <td>
            n/a
    </td>
    <td>
            <table class="timelineview" cellpadding="0" cellspacing="0">
        <tr>
    <td>
        <a class="bar colorSkipped" 
           style="width: 199px;" 
           title="1 skipped" 
                   ></a>
    </td>
        </tr>
    </table>

    </td>
    <td>1</td>
    <td>0</td>
    <td>0</td>
    <td>0</td>
    <td>0</td>
    <td>1</td>
        <td>00:00:00.0000017</td>

                        
                    </tr>
                    <tr>
                        <td>
                                    <a href="#t1764780877.0">Scenario: Heber assignment 4</a>

                        </td>
                        
                            <td>
            n/a
    </td>
    <td>
            <table class="timelineview" cellpadding="0" cellspacing="0">
        <tr>
    <td>
        <a class="bar colorSkipped" 
           style="width: 199px;" 
           title="1 skipped" 
                   ></a>
    </td>
        </tr>
    </table>

    </td>
    <td>1</td>
    <td>0</td>
    <td>0</td>
    <td>0</td>
    <td>0</td>
    <td>1</td>
        <td>00:00:00.0000029</td>

                        
                    </tr>
            </table>

        <h2>Execution Details</h2>
            <a name="t-1756239185.0" />
            <h3>Scenario: Add two numbers (in SpecFlowProject1, Calculator)</h3>
                <div class="description">
                    tags: mytag
                </div>
            <ul>
                <li>Status: Failed</li>
                <li>Start time: 10/20/2021 12:06:58 PM</li>
                <li>Execution time (sec): 0.4915598</li>
                <li>Thread: #0</li>
                <li>Error: Expected _result to be 120, but found 70.</li>
            </ul>
            <table class="testEvents">
                <tr>
                    <th>Steps</th>
                    <th>Trace</th>
                    <th>Result</th>
                </tr>
                    <tr>
                        <td>
                            <pre class="log">Given the first number is 50</pre>
                        </td>
                        <td>
                            <!-- [TestArrange: Scenario - Add two numbers] -->
                            <pre class="log">done: CalculatorStepDefinitions.GivenTheFirstNumberIs(50) (0.0s)</pre>
                        </td>
                        <td>Succeeded in 0.034s</td>
                    </tr>
                    <tr>
                        <td>
                            <pre class="log">And the second number is 70</pre>
                        </td>
                        <td>
                            <!-- [TestArrange: Scenario - Add two numbers] -->
                            <pre class="log">done: CalculatorStepDefinitions.GivenTheSecondNumberIs(70) (0.0s)</pre>
                        </td>
                        <td>Succeeded in 0.004s</td>
                    </tr>
                    <tr>
                        <td>
                            <pre class="log">When the two numbers are added</pre>
                        </td>
                        <td>
                            <!-- [TestAct: Scenario - Add two numbers] -->
                            <pre class="log">done: CalculatorStepDefinitions.WhenTheTwoNumbersAreAdded() (0.0s)</pre>
                        </td>
                        <td>Succeeded in 0.002s</td>
                    </tr>
                    <tr>
                        <td>
                            <pre class="log">Then the result should be 120</pre>
                        </td>
                        <td>
                            <!-- [TestAssert: Scenario - Add two numbers] -->
                            <pre class="log">error: Expected _result to be 120, but found 70. (0.4s)</pre>
                                <div class="errorMessage">Expected _result to be 120, but found 70.</div>
                                <pre class="stackTrace">FluentAssertions.Execution.AssertionFailedException: Expected _result to be 120, but found 70.
   at FluentAssertions.Execution.FallbackTestFramework.Throw(String message) in C:\projects\fluentassertions-vf06b\Src\FluentAssertions\Execution\FallbackTestFramework.cs:line 18
   at FluentAssertions.Execution.TestFrameworkProvider.Throw(String message) in C:\projects\fluentassertions-vf06b\Src\FluentAssertions\Execution\TestFrameworkProvider.cs:line 40
   at FluentAssertions.Execution.DefaultAssertionStrategy.HandleFailure(String message) in C:\projects\fluentassertions-vf06b\Src\FluentAssertions\Execution\DefaultAssertionStrategy.cs:line 29
   at FluentAssertions.Execution.AssertionScope.FailWith(Func`1 failReasonFunc) in C:\projects\fluentassertions-vf06b\Src\FluentAssertions\Execution\AssertionScope.cs:line 223
   at FluentAssertions.Execution.AssertionScope.FailWith(Func`1 failReasonFunc) in C:\projects\fluentassertions-vf06b\Src\FluentAssertions\Execution\AssertionScope.cs:line 196
   at FluentAssertions.Execution.AssertionScope.FailWith(String message, Object[] args) in C:\projects\fluentassertions-vf06b\Src\FluentAssertions\Execution\AssertionScope.cs:line 238
   at FluentAssertions.Numeric.NumericAssertions`1.Be(T expected, String because, Object[] becauseArgs) in C:\projects\fluentassertions-vf06b\Src\FluentAssertions\Numeric\NumericAssertions.cs:line 46
   at SpecFlowProject1.Steps.CalculatorStepDefinitions.ThenTheResultShouldBe(Int32 result) in E:\inclass\inClassProject1\SpecFlowProject1\Steps\CalculatorStepDefinitions.cs:line 72
   at TechTalk.SpecFlow.Bindings.BindingInvoker.InvokeBinding(IBinding binding, IContextManager contextManager, Object[] arguments, ITestTracer testTracer, TimeSpan&amp; duration) in D:\a\1\s\TechTalk.SpecFlow\Bindings\BindingInvoker.cs:line 73
   at TechTalk.SpecFlow.Infrastructure.TestExecutionEngine.ExecuteStepMatch(BindingMatch match, Object[] arguments, TimeSpan&amp; duration) in D:\a\1\s\TechTalk.SpecFlow\Infrastructure\TestExecutionEngine.cs:line 618
   at TechTalk.SpecRun.SpecFlowPlugin.Runtime.RunnerTestExecutionEngine.ExecuteStepMatch(BindingMatch match, Object[] arguments, TimeSpan&amp; duration)
   at TechTalk.SpecFlow.Infrastructure.TestExecutionEngine.ExecuteStep(IContextManager contextManager, StepInstance stepInstance) in D:\a\1\s\TechTalk.SpecFlow\Infrastructure\TestExecutionEngine.cs:line 531
   at TechTalk.SpecFlow.Infrastructure.TestExecutionEngine.OnAfterLastStep() in D:\a\1\s\TechTalk.SpecFlow\Infrastructure\TestExecutionEngine.cs:line 286
   at TechTalk.SpecRun.SpecFlowPlugin.Runtime.RunnerTestExecutionEngine.OnAfterLastStep()
   at TechTalk.SpecFlow.TestRunner.CollectScenarioErrors() in D:\a\1\s\TechTalk.SpecFlow\TestRunner.cs:line 59
   at SpecFlowProject1.Features.CalculatorFeature.ScenarioCleanup()
   at SpecFlowProject1.Features.CalculatorFeature.AddTwoNumbers() in E:\inclass\inClassProject1\SpecFlowProject1\Features\Calculator.feature:line 13
   at TechTalk.SpecRun.Framework.TaskExecutors.StaticOrInstanceMethodExecutor.ExecuteInternal(ITestThreadExecutionContext testThreadExecutionContext)
   at TechTalk.SpecRun.Framework.TaskExecutors.StaticOrInstanceMethodExecutor.Execute(ITestThreadExecutionContext testThreadExecutionContext)
   at TechTalk.SpecRun.Framework.TestNodeTask.Execute()</pre>
                        </td>
                        <td>Failed in 0.386s</td>
                    </tr>
            </table>
            <a name="t-1756239185.1" />
            <h3>Scenario: Add two numbers (in SpecFlowProject1, Calculator) retry #1</h3>
                <div class="description">
                    tags: mytag
                </div>
            <ul>
                <li>Status: Failed</li>
                <li>Start time: 10/20/2021 12:06:59 PM</li>
                <li>Execution time (sec): 0.010637</li>
                <li>Thread: #0</li>
                <li>Error: Expected _result to be 120, but found 70.</li>
            </ul>
            <table class="testEvents">
                <tr>
                    <th>Steps</th>
                    <th>Trace</th>
                    <th>Result</th>
                </tr>
                    <tr>
                        <td>
                            <pre class="log">Given the first number is 50</pre>
                        </td>
                        <td>
                            <!-- [TestArrange: Scenario - Add two numbers] -->
                            <pre class="log">done: CalculatorStepDefinitions.GivenTheFirstNumberIs(50) (0.0s)</pre>
                        </td>
                        <td>Succeeded in 0.001s</td>
                    </tr>
                    <tr>
                        <td>
                            <pre class="log">And the second number is 70</pre>
                        </td>
                        <td>
                            <!-- [TestArrange: Scenario - Add two numbers] -->
                            <pre class="log">done: CalculatorStepDefinitions.GivenTheSecondNumberIs(70) (0.0s)</pre>
                        </td>
                        <td>Succeeded in 0.001s</td>
                    </tr>
                    <tr>
                        <td>
                            <pre class="log">When the two numbers are added</pre>
                        </td>
                        <td>
                            <!-- [TestAct: Scenario - Add two numbers] -->
                            <pre class="log">done: CalculatorStepDefinitions.WhenTheTwoNumbersAreAdded() (0.0s)</pre>
                        </td>
                        <td>Succeeded in 0.001s</td>
                    </tr>
                    <tr>
                        <td>
                            <pre class="log">Then the result should be 120</pre>
                        </td>
                        <td>
                            <!-- [TestAssert: Scenario - Add two numbers] -->
                            <pre class="log">error: Expected _result to be 120, but found 70. (0.0s)</pre>
                                <div class="errorMessage">Expected _result to be 120, but found 70.</div>
                                <pre class="stackTrace">FluentAssertions.Execution.AssertionFailedException: Expected _result to be 120, but found 70.
   at FluentAssertions.Execution.FallbackTestFramework.Throw(String message) in C:\projects\fluentassertions-vf06b\Src\FluentAssertions\Execution\FallbackTestFramework.cs:line 18
   at FluentAssertions.Execution.TestFrameworkProvider.Throw(String message) in C:\projects\fluentassertions-vf06b\Src\FluentAssertions\Execution\TestFrameworkProvider.cs:line 40
   at FluentAssertions.Execution.DefaultAssertionStrategy.HandleFailure(String message) in C:\projects\fluentassertions-vf06b\Src\FluentAssertions\Execution\DefaultAssertionStrategy.cs:line 29
   at FluentAssertions.Execution.AssertionScope.FailWith(Func`1 failReasonFunc) in C:\projects\fluentassertions-vf06b\Src\FluentAssertions\Execution\AssertionScope.cs:line 223
   at FluentAssertions.Execution.AssertionScope.FailWith(Func`1 failReasonFunc) in C:\projects\fluentassertions-vf06b\Src\FluentAssertions\Execution\AssertionScope.cs:line 196
   at FluentAssertions.Execution.AssertionScope.FailWith(String message, Object[] args) in C:\projects\fluentassertions-vf06b\Src\FluentAssertions\Execution\AssertionScope.cs:line 238
   at FluentAssertions.Numeric.NumericAssertions`1.Be(T expected, String because, Object[] becauseArgs) in C:\projects\fluentassertions-vf06b\Src\FluentAssertions\Numeric\NumericAssertions.cs:line 46
   at SpecFlowProject1.Steps.CalculatorStepDefinitions.ThenTheResultShouldBe(Int32 result) in E:\inclass\inClassProject1\SpecFlowProject1\Steps\CalculatorStepDefinitions.cs:line 72
   at TechTalk.SpecFlow.Bindings.BindingInvoker.InvokeBinding(IBinding binding, IContextManager contextManager, Object[] arguments, ITestTracer testTracer, TimeSpan&amp; duration) in D:\a\1\s\TechTalk.SpecFlow\Bindings\BindingInvoker.cs:line 73
   at TechTalk.SpecFlow.Infrastructure.TestExecutionEngine.ExecuteStepMatch(BindingMatch match, Object[] arguments, TimeSpan&amp; duration) in D:\a\1\s\TechTalk.SpecFlow\Infrastructure\TestExecutionEngine.cs:line 618
   at TechTalk.SpecRun.SpecFlowPlugin.Runtime.RunnerTestExecutionEngine.ExecuteStepMatch(BindingMatch match, Object[] arguments, TimeSpan&amp; duration)
   at TechTalk.SpecFlow.Infrastructure.TestExecutionEngine.ExecuteStep(IContextManager contextManager, StepInstance stepInstance) in D:\a\1\s\TechTalk.SpecFlow\Infrastructure\TestExecutionEngine.cs:line 531
   at TechTalk.SpecFlow.Infrastructure.TestExecutionEngine.OnAfterLastStep() in D:\a\1\s\TechTalk.SpecFlow\Infrastructure\TestExecutionEngine.cs:line 286
   at TechTalk.SpecRun.SpecFlowPlugin.Runtime.RunnerTestExecutionEngine.OnAfterLastStep()
   at TechTalk.SpecFlow.TestRunner.CollectScenarioErrors() in D:\a\1\s\TechTalk.SpecFlow\TestRunner.cs:line 59
   at SpecFlowProject1.Features.CalculatorFeature.ScenarioCleanup()
   at SpecFlowProject1.Features.CalculatorFeature.AddTwoNumbers() in E:\inclass\inClassProject1\SpecFlowProject1\Features\Calculator.feature:line 13
   at TechTalk.SpecRun.Framework.TaskExecutors.StaticOrInstanceMethodExecutor.ExecuteInternal(ITestThreadExecutionContext testThreadExecutionContext)
   at TechTalk.SpecRun.Framework.TaskExecutors.StaticOrInstanceMethodExecutor.Execute(ITestThreadExecutionContext testThreadExecutionContext)
   at TechTalk.SpecRun.Framework.TestNodeTask.Execute()</pre>
                        </td>
                        <td>Failed in 0.002s</td>
                    </tr>
            </table>
            <a name="t-1756239185.2" />
            <h3>Scenario: Add two numbers (in SpecFlowProject1, Calculator) retry #2</h3>
                <div class="description">
                    tags: mytag
                </div>
            <ul>
                <li>Status: Failed</li>
                <li>Start time: 10/20/2021 12:06:59 PM</li>
                <li>Execution time (sec): 0.0096864</li>
                <li>Thread: #0</li>
                <li>Error: Expected _result to be 120, but found 70.</li>
            </ul>
            <table class="testEvents">
                <tr>
                    <th>Steps</th>
                    <th>Trace</th>
                    <th>Result</th>
                </tr>
                    <tr>
                        <td>
                            <pre class="log">Given the first number is 50</pre>
                        </td>
                        <td>
                            <!-- [TestArrange: Scenario - Add two numbers] -->
                            <pre class="log">done: CalculatorStepDefinitions.GivenTheFirstNumberIs(50) (0.0s)</pre>
                        </td>
                        <td>Succeeded in 0.004s</td>
                    </tr>
                    <tr>
                        <td>
                            <pre class="log">And the second number is 70</pre>
                        </td>
                        <td>
                            <!-- [TestArrange: Scenario - Add two numbers] -->
                            <pre class="log">done: CalculatorStepDefinitions.GivenTheSecondNumberIs(70) (0.0s)</pre>
                        </td>
                        <td>Succeeded in 0.001s</td>
                    </tr>
                    <tr>
                        <td>
                            <pre class="log">When the two numbers are added</pre>
                        </td>
                        <td>
                            <!-- [TestAct: Scenario - Add two numbers] -->
                            <pre class="log">done: CalculatorStepDefinitions.WhenTheTwoNumbersAreAdded() (0.0s)</pre>
                        </td>
                        <td>Succeeded in 0.001s</td>
                    </tr>
                    <tr>
                        <td>
                            <pre class="log">Then the result should be 120</pre>
                        </td>
                        <td>
                            <!-- [TestAssert: Scenario - Add two numbers] -->
                            <pre class="log">error: Expected _result to be 120, but found 70. (0.0s)</pre>
                                <div class="errorMessage">Expected _result to be 120, but found 70.</div>
                                <pre class="stackTrace">FluentAssertions.Execution.AssertionFailedException: Expected _result to be 120, but found 70.
   at FluentAssertions.Execution.FallbackTestFramework.Throw(String message) in C:\projects\fluentassertions-vf06b\Src\FluentAssertions\Execution\FallbackTestFramework.cs:line 18
   at FluentAssertions.Execution.TestFrameworkProvider.Throw(String message) in C:\projects\fluentassertions-vf06b\Src\FluentAssertions\Execution\TestFrameworkProvider.cs:line 40
   at FluentAssertions.Execution.DefaultAssertionStrategy.HandleFailure(String message) in C:\projects\fluentassertions-vf06b\Src\FluentAssertions\Execution\DefaultAssertionStrategy.cs:line 29
   at FluentAssertions.Execution.AssertionScope.FailWith(Func`1 failReasonFunc) in C:\projects\fluentassertions-vf06b\Src\FluentAssertions\Execution\AssertionScope.cs:line 223
   at FluentAssertions.Execution.AssertionScope.FailWith(Func`1 failReasonFunc) in C:\projects\fluentassertions-vf06b\Src\FluentAssertions\Execution\AssertionScope.cs:line 196
   at FluentAssertions.Execution.AssertionScope.FailWith(String message, Object[] args) in C:\projects\fluentassertions-vf06b\Src\FluentAssertions\Execution\AssertionScope.cs:line 238
   at FluentAssertions.Numeric.NumericAssertions`1.Be(T expected, String because, Object[] becauseArgs) in C:\projects\fluentassertions-vf06b\Src\FluentAssertions\Numeric\NumericAssertions.cs:line 46
   at SpecFlowProject1.Steps.CalculatorStepDefinitions.ThenTheResultShouldBe(Int32 result) in E:\inclass\inClassProject1\SpecFlowProject1\Steps\CalculatorStepDefinitions.cs:line 72
   at TechTalk.SpecFlow.Bindings.BindingInvoker.InvokeBinding(IBinding binding, IContextManager contextManager, Object[] arguments, ITestTracer testTracer, TimeSpan&amp; duration) in D:\a\1\s\TechTalk.SpecFlow\Bindings\BindingInvoker.cs:line 73
   at TechTalk.SpecFlow.Infrastructure.TestExecutionEngine.ExecuteStepMatch(BindingMatch match, Object[] arguments, TimeSpan&amp; duration) in D:\a\1\s\TechTalk.SpecFlow\Infrastructure\TestExecutionEngine.cs:line 618
   at TechTalk.SpecRun.SpecFlowPlugin.Runtime.RunnerTestExecutionEngine.ExecuteStepMatch(BindingMatch match, Object[] arguments, TimeSpan&amp; duration)
   at TechTalk.SpecFlow.Infrastructure.TestExecutionEngine.ExecuteStep(IContextManager contextManager, StepInstance stepInstance) in D:\a\1\s\TechTalk.SpecFlow\Infrastructure\TestExecutionEngine.cs:line 531
   at TechTalk.SpecFlow.Infrastructure.TestExecutionEngine.OnAfterLastStep() in D:\a\1\s\TechTalk.SpecFlow\Infrastructure\TestExecutionEngine.cs:line 286
   at TechTalk.SpecRun.SpecFlowPlugin.Runtime.RunnerTestExecutionEngine.OnAfterLastStep()
   at TechTalk.SpecFlow.TestRunner.CollectScenarioErrors() in D:\a\1\s\TechTalk.SpecFlow\TestRunner.cs:line 59
   at SpecFlowProject1.Features.CalculatorFeature.ScenarioCleanup()
   at SpecFlowProject1.Features.CalculatorFeature.AddTwoNumbers() in E:\inclass\inClassProject1\SpecFlowProject1\Features\Calculator.feature:line 13
   at TechTalk.SpecRun.Framework.TaskExecutors.StaticOrInstanceMethodExecutor.ExecuteInternal(ITestThreadExecutionContext testThreadExecutionContext)
   at TechTalk.SpecRun.Framework.TaskExecutors.StaticOrInstanceMethodExecutor.Execute(ITestThreadExecutionContext testThreadExecutionContext)
   at TechTalk.SpecRun.Framework.TestNodeTask.Execute()</pre>
                        </td>
                        <td>Failed in 0.002s</td>
                    </tr>
            </table>
            <a name="t1892533799.0" />
            <h3>Scenario: Add two other numbers (in SpecFlowProject1, Calculator)</h3>
            <ul>
                <li>Status: Failed</li>
                <li>Start time: 10/20/2021 12:06:59 PM</li>
                <li>Execution time (sec): 0.0074446</li>
                <li>Thread: #0</li>
                <li>Error: Expected _result to be 110, but found 60.</li>
            </ul>
            <table class="testEvents">
                <tr>
                    <th>Steps</th>
                    <th>Trace</th>
                    <th>Result</th>
                </tr>
                    <tr>
                        <td>
                            <pre class="log">Given the first number is 50</pre>
                        </td>
                        <td>
                            <!-- [TestArrange: Scenario - Add two other numbers] -->
                            <pre class="log">done: CalculatorStepDefinitions.GivenTheFirstNumberIs(50) (0.0s)</pre>
                        </td>
                        <td>Succeeded in 0.002s</td>
                    </tr>
                    <tr>
                        <td>
                            <pre class="log">And the second number is 60</pre>
                        </td>
                        <td>
                            <!-- [TestArrange: Scenario - Add two other numbers] -->
                            <pre class="log">done: CalculatorStepDefinitions.GivenTheSecondNumberIs(60) (0.0s)</pre>
                        </td>
                        <td>Succeeded in 0.001s</td>
                    </tr>
                    <tr>
                        <td>
                            <pre class="log">When the two numbers are added</pre>
                        </td>
                        <td>
                            <!-- [TestAct: Scenario - Add two other numbers] -->
                            <pre class="log">done: CalculatorStepDefinitions.WhenTheTwoNumbersAreAdded() (0.0s)</pre>
                        </td>
                        <td>Succeeded in 0.001s</td>
                    </tr>
                    <tr>
                        <td>
                            <pre class="log">Then the result should be 110</pre>
                        </td>
                        <td>
                            <!-- [TestAssert: Scenario - Add two other numbers] -->
                            <pre class="log">error: Expected _result to be 110, but found 60. (0.0s)</pre>
                                <div class="errorMessage">Expected _result to be 110, but found 60.</div>
                                <pre class="stackTrace">FluentAssertions.Execution.AssertionFailedException: Expected _result to be 110, but found 60.
   at FluentAssertions.Execution.FallbackTestFramework.Throw(String message) in C:\projects\fluentassertions-vf06b\Src\FluentAssertions\Execution\FallbackTestFramework.cs:line 18
   at FluentAssertions.Execution.TestFrameworkProvider.Throw(String message) in C:\projects\fluentassertions-vf06b\Src\FluentAssertions\Execution\TestFrameworkProvider.cs:line 40
   at FluentAssertions.Execution.DefaultAssertionStrategy.HandleFailure(String message) in C:\projects\fluentassertions-vf06b\Src\FluentAssertions\Execution\DefaultAssertionStrategy.cs:line 29
   at FluentAssertions.Execution.AssertionScope.FailWith(Func`1 failReasonFunc) in C:\projects\fluentassertions-vf06b\Src\FluentAssertions\Execution\AssertionScope.cs:line 223
   at FluentAssertions.Execution.AssertionScope.FailWith(Func`1 failReasonFunc) in C:\projects\fluentassertions-vf06b\Src\FluentAssertions\Execution\AssertionScope.cs:line 196
   at FluentAssertions.Execution.AssertionScope.FailWith(String message, Object[] args) in C:\projects\fluentassertions-vf06b\Src\FluentAssertions\Execution\AssertionScope.cs:line 238
   at FluentAssertions.Numeric.NumericAssertions`1.Be(T expected, String because, Object[] becauseArgs) in C:\projects\fluentassertions-vf06b\Src\FluentAssertions\Numeric\NumericAssertions.cs:line 46
   at SpecFlowProject1.Steps.CalculatorStepDefinitions.ThenTheResultShouldBe(Int32 result) in E:\inclass\inClassProject1\SpecFlowProject1\Steps\CalculatorStepDefinitions.cs:line 72
   at TechTalk.SpecFlow.Bindings.BindingInvoker.InvokeBinding(IBinding binding, IContextManager contextManager, Object[] arguments, ITestTracer testTracer, TimeSpan&amp; duration) in D:\a\1\s\TechTalk.SpecFlow\Bindings\BindingInvoker.cs:line 73
   at TechTalk.SpecFlow.Infrastructure.TestExecutionEngine.ExecuteStepMatch(BindingMatch match, Object[] arguments, TimeSpan&amp; duration) in D:\a\1\s\TechTalk.SpecFlow\Infrastructure\TestExecutionEngine.cs:line 618
   at TechTalk.SpecRun.SpecFlowPlugin.Runtime.RunnerTestExecutionEngine.ExecuteStepMatch(BindingMatch match, Object[] arguments, TimeSpan&amp; duration)
   at TechTalk.SpecFlow.Infrastructure.TestExecutionEngine.ExecuteStep(IContextManager contextManager, StepInstance stepInstance) in D:\a\1\s\TechTalk.SpecFlow\Infrastructure\TestExecutionEngine.cs:line 531
   at TechTalk.SpecFlow.Infrastructure.TestExecutionEngine.OnAfterLastStep() in D:\a\1\s\TechTalk.SpecFlow\Infrastructure\TestExecutionEngine.cs:line 286
   at TechTalk.SpecRun.SpecFlowPlugin.Runtime.RunnerTestExecutionEngine.OnAfterLastStep()
   at TechTalk.SpecFlow.TestRunner.CollectScenarioErrors() in D:\a\1\s\TechTalk.SpecFlow\TestRunner.cs:line 59
   at SpecFlowProject1.Features.CalculatorFeature.ScenarioCleanup()
   at SpecFlowProject1.Features.CalculatorFeature.AddTwoOtherNumbers() in E:\inclass\inClassProject1\SpecFlowProject1\Features\Calculator.feature:line 19
   at TechTalk.SpecRun.Framework.TaskExecutors.StaticOrInstanceMethodExecutor.ExecuteInternal(ITestThreadExecutionContext testThreadExecutionContext)
   at TechTalk.SpecRun.Framework.TaskExecutors.StaticOrInstanceMethodExecutor.Execute(ITestThreadExecutionContext testThreadExecutionContext)
   at TechTalk.SpecRun.Framework.TestNodeTask.Execute()</pre>
                        </td>
                        <td>Failed in 0.002s</td>
                    </tr>
            </table>
            <a name="t1892533799.1" />
            <h3>Scenario: Add two other numbers (in SpecFlowProject1, Calculator) retry #1</h3>
            <ul>
                <li>Status: Failed</li>
                <li>Start time: 10/20/2021 12:06:59 PM</li>
                <li>Execution time (sec): 0.0068506</li>
                <li>Thread: #0</li>
                <li>Error: Expected _result to be 110, but found 60.</li>
            </ul>
            <table class="testEvents">
                <tr>
                    <th>Steps</th>
                    <th>Trace</th>
                    <th>Result</th>
                </tr>
                    <tr>
                        <td>
                            <pre class="log">Given the first number is 50</pre>
                        </td>
                        <td>
                            <!-- [TestArrange: Scenario - Add two other numbers] -->
                            <pre class="log">done: CalculatorStepDefinitions.GivenTheFirstNumberIs(50) (0.0s)</pre>
                        </td>
                        <td>Succeeded in 0.002s</td>
                    </tr>
                    <tr>
                        <td>
                            <pre class="log">And the second number is 60</pre>
                        </td>
                        <td>
                            <!-- [TestArrange: Scenario - Add two other numbers] -->
                            <pre class="log">done: CalculatorStepDefinitions.GivenTheSecondNumberIs(60) (0.0s)</pre>
                        </td>
                        <td>Succeeded in 0.001s</td>
                    </tr>
                    <tr>
                        <td>
                            <pre class="log">When the two numbers are added</pre>
                        </td>
                        <td>
                            <!-- [TestAct: Scenario - Add two other numbers] -->
                            <pre class="log">done: CalculatorStepDefinitions.WhenTheTwoNumbersAreAdded() (0.0s)</pre>
                        </td>
                        <td>Succeeded in 0.001s</td>
                    </tr>
                    <tr>
                        <td>
                            <pre class="log">Then the result should be 110</pre>
                        </td>
                        <td>
                            <!-- [TestAssert: Scenario - Add two other numbers] -->
                            <pre class="log">error: Expected _result to be 110, but found 60. (0.0s)</pre>
                                <div class="errorMessage">Expected _result to be 110, but found 60.</div>
                                <pre class="stackTrace">FluentAssertions.Execution.AssertionFailedException: Expected _result to be 110, but found 60.
   at FluentAssertions.Execution.FallbackTestFramework.Throw(String message) in C:\projects\fluentassertions-vf06b\Src\FluentAssertions\Execution\FallbackTestFramework.cs:line 18
   at FluentAssertions.Execution.TestFrameworkProvider.Throw(String message) in C:\projects\fluentassertions-vf06b\Src\FluentAssertions\Execution\TestFrameworkProvider.cs:line 40
   at FluentAssertions.Execution.DefaultAssertionStrategy.HandleFailure(String message) in C:\projects\fluentassertions-vf06b\Src\FluentAssertions\Execution\DefaultAssertionStrategy.cs:line 29
   at FluentAssertions.Execution.AssertionScope.FailWith(Func`1 failReasonFunc) in C:\projects\fluentassertions-vf06b\Src\FluentAssertions\Execution\AssertionScope.cs:line 223
   at FluentAssertions.Execution.AssertionScope.FailWith(Func`1 failReasonFunc) in C:\projects\fluentassertions-vf06b\Src\FluentAssertions\Execution\AssertionScope.cs:line 196
   at FluentAssertions.Execution.AssertionScope.FailWith(String message, Object[] args) in C:\projects\fluentassertions-vf06b\Src\FluentAssertions\Execution\AssertionScope.cs:line 238
   at FluentAssertions.Numeric.NumericAssertions`1.Be(T expected, String because, Object[] becauseArgs) in C:\projects\fluentassertions-vf06b\Src\FluentAssertions\Numeric\NumericAssertions.cs:line 46
   at SpecFlowProject1.Steps.CalculatorStepDefinitions.ThenTheResultShouldBe(Int32 result) in E:\inclass\inClassProject1\SpecFlowProject1\Steps\CalculatorStepDefinitions.cs:line 72
   at TechTalk.SpecFlow.Bindings.BindingInvoker.InvokeBinding(IBinding binding, IContextManager contextManager, Object[] arguments, ITestTracer testTracer, TimeSpan&amp; duration) in D:\a\1\s\TechTalk.SpecFlow\Bindings\BindingInvoker.cs:line 73
   at TechTalk.SpecFlow.Infrastructure.TestExecutionEngine.ExecuteStepMatch(BindingMatch match, Object[] arguments, TimeSpan&amp; duration) in D:\a\1\s\TechTalk.SpecFlow\Infrastructure\TestExecutionEngine.cs:line 618
   at TechTalk.SpecRun.SpecFlowPlugin.Runtime.RunnerTestExecutionEngine.ExecuteStepMatch(BindingMatch match, Object[] arguments, TimeSpan&amp; duration)
   at TechTalk.SpecFlow.Infrastructure.TestExecutionEngine.ExecuteStep(IContextManager contextManager, StepInstance stepInstance) in D:\a\1\s\TechTalk.SpecFlow\Infrastructure\TestExecutionEngine.cs:line 531
   at TechTalk.SpecFlow.Infrastructure.TestExecutionEngine.OnAfterLastStep() in D:\a\1\s\TechTalk.SpecFlow\Infrastructure\TestExecutionEngine.cs:line 286
   at TechTalk.SpecRun.SpecFlowPlugin.Runtime.RunnerTestExecutionEngine.OnAfterLastStep()
   at TechTalk.SpecFlow.TestRunner.CollectScenarioErrors() in D:\a\1\s\TechTalk.SpecFlow\TestRunner.cs:line 59
   at SpecFlowProject1.Features.CalculatorFeature.ScenarioCleanup()
   at SpecFlowProject1.Features.CalculatorFeature.AddTwoOtherNumbers() in E:\inclass\inClassProject1\SpecFlowProject1\Features\Calculator.feature:line 19
   at TechTalk.SpecRun.Framework.TaskExecutors.StaticOrInstanceMethodExecutor.ExecuteInternal(ITestThreadExecutionContext testThreadExecutionContext)
   at TechTalk.SpecRun.Framework.TaskExecutors.StaticOrInstanceMethodExecutor.Execute(ITestThreadExecutionContext testThreadExecutionContext)
   at TechTalk.SpecRun.Framework.TestNodeTask.Execute()</pre>
                        </td>
                        <td>Failed in 0.002s</td>
                    </tr>
            </table>
            <a name="t1892533799.2" />
            <h3>Scenario: Add two other numbers (in SpecFlowProject1, Calculator) retry #2</h3>
            <ul>
                <li>Status: Failed</li>
                <li>Start time: 10/20/2021 12:06:59 PM</li>
                <li>Execution time (sec): 0.0062469</li>
                <li>Thread: #0</li>
                <li>Error: Expected _result to be 110, but found 60.</li>
            </ul>
            <table class="testEvents">
                <tr>
                    <th>Steps</th>
                    <th>Trace</th>
                    <th>Result</th>
                </tr>
                    <tr>
                        <td>
                            <pre class="log">Given the first number is 50</pre>
                        </td>
                        <td>
                            <!-- [TestArrange: Scenario - Add two other numbers] -->
                            <pre class="log">done: CalculatorStepDefinitions.GivenTheFirstNumberIs(50) (0.0s)</pre>
                        </td>
                        <td>Succeeded in 0.001s</td>
                    </tr>
                    <tr>
                        <td>
                            <pre class="log">And the second number is 60</pre>
                        </td>
                        <td>
                            <!-- [TestArrange: Scenario - Add two other numbers] -->
                            <pre class="log">done: CalculatorStepDefinitions.GivenTheSecondNumberIs(60) (0.0s)</pre>
                        </td>
                        <td>Succeeded in 0.001s</td>
                    </tr>
                    <tr>
                        <td>
                            <pre class="log">When the two numbers are added</pre>
                        </td>
                        <td>
                            <!-- [TestAct: Scenario - Add two other numbers] -->
                            <pre class="log">done: CalculatorStepDefinitions.WhenTheTwoNumbersAreAdded() (0.0s)</pre>
                        </td>
                        <td>Succeeded in 0.001s</td>
                    </tr>
                    <tr>
                        <td>
                            <pre class="log">Then the result should be 110</pre>
                        </td>
                        <td>
                            <!-- [TestAssert: Scenario - Add two other numbers] -->
                            <pre class="log">error: Expected _result to be 110, but found 60. (0.0s)</pre>
                                <div class="errorMessage">Expected _result to be 110, but found 60.</div>
                                <pre class="stackTrace">FluentAssertions.Execution.AssertionFailedException: Expected _result to be 110, but found 60.
   at FluentAssertions.Execution.FallbackTestFramework.Throw(String message) in C:\projects\fluentassertions-vf06b\Src\FluentAssertions\Execution\FallbackTestFramework.cs:line 18
   at FluentAssertions.Execution.TestFrameworkProvider.Throw(String message) in C:\projects\fluentassertions-vf06b\Src\FluentAssertions\Execution\TestFrameworkProvider.cs:line 40
   at FluentAssertions.Execution.DefaultAssertionStrategy.HandleFailure(String message) in C:\projects\fluentassertions-vf06b\Src\FluentAssertions\Execution\DefaultAssertionStrategy.cs:line 29
   at FluentAssertions.Execution.AssertionScope.FailWith(Func`1 failReasonFunc) in C:\projects\fluentassertions-vf06b\Src\FluentAssertions\Execution\AssertionScope.cs:line 223
   at FluentAssertions.Execution.AssertionScope.FailWith(Func`1 failReasonFunc) in C:\projects\fluentassertions-vf06b\Src\FluentAssertions\Execution\AssertionScope.cs:line 196
   at FluentAssertions.Execution.AssertionScope.FailWith(String message, Object[] args) in C:\projects\fluentassertions-vf06b\Src\FluentAssertions\Execution\AssertionScope.cs:line 238
   at FluentAssertions.Numeric.NumericAssertions`1.Be(T expected, String because, Object[] becauseArgs) in C:\projects\fluentassertions-vf06b\Src\FluentAssertions\Numeric\NumericAssertions.cs:line 46
   at SpecFlowProject1.Steps.CalculatorStepDefinitions.ThenTheResultShouldBe(Int32 result) in E:\inclass\inClassProject1\SpecFlowProject1\Steps\CalculatorStepDefinitions.cs:line 72
   at TechTalk.SpecFlow.Bindings.BindingInvoker.InvokeBinding(IBinding binding, IContextManager contextManager, Object[] arguments, ITestTracer testTracer, TimeSpan&amp; duration) in D:\a\1\s\TechTalk.SpecFlow\Bindings\BindingInvoker.cs:line 73
   at TechTalk.SpecFlow.Infrastructure.TestExecutionEngine.ExecuteStepMatch(BindingMatch match, Object[] arguments, TimeSpan&amp; duration) in D:\a\1\s\TechTalk.SpecFlow\Infrastructure\TestExecutionEngine.cs:line 618
   at TechTalk.SpecRun.SpecFlowPlugin.Runtime.RunnerTestExecutionEngine.ExecuteStepMatch(BindingMatch match, Object[] arguments, TimeSpan&amp; duration)
   at TechTalk.SpecFlow.Infrastructure.TestExecutionEngine.ExecuteStep(IContextManager contextManager, StepInstance stepInstance) in D:\a\1\s\TechTalk.SpecFlow\Infrastructure\TestExecutionEngine.cs:line 531
   at TechTalk.SpecFlow.Infrastructure.TestExecutionEngine.OnAfterLastStep() in D:\a\1\s\TechTalk.SpecFlow\Infrastructure\TestExecutionEngine.cs:line 286
   at TechTalk.SpecRun.SpecFlowPlugin.Runtime.RunnerTestExecutionEngine.OnAfterLastStep()
   at TechTalk.SpecFlow.TestRunner.CollectScenarioErrors() in D:\a\1\s\TechTalk.SpecFlow\TestRunner.cs:line 59
   at SpecFlowProject1.Features.CalculatorFeature.ScenarioCleanup()
   at SpecFlowProject1.Features.CalculatorFeature.AddTwoOtherNumbers() in E:\inclass\inClassProject1\SpecFlowProject1\Features\Calculator.feature:line 19
   at TechTalk.SpecRun.Framework.TaskExecutors.StaticOrInstanceMethodExecutor.ExecuteInternal(ITestThreadExecutionContext testThreadExecutionContext)
   at TechTalk.SpecRun.Framework.TaskExecutors.StaticOrInstanceMethodExecutor.Execute(ITestThreadExecutionContext testThreadExecutionContext)
   at TechTalk.SpecRun.Framework.TestNodeTask.Execute()</pre>
                        </td>
                        <td>Failed in 0.002s</td>
                    </tr>
            </table>
            <a name="t201933267.0" />
            <h3>Scenario: Subtract a small number from a bigger number (in SpecFlowProject1, Calculator)</h3>
            <ul>
                <li>Status: Failed</li>
                <li>Start time: 10/20/2021 12:06:59 PM</li>
                <li>Execution time (sec): 0.0101984</li>
                <li>Thread: #0</li>
                <li>Error: Expected _result to be 25, but found -75.</li>
            </ul>
            <table class="testEvents">
                <tr>
                    <th>Steps</th>
                    <th>Trace</th>
                    <th>Result</th>
                </tr>
                    <tr>
                        <td>
                            <pre class="log">Given the first number is 100</pre>
                        </td>
                        <td>
                            <!-- [TestArrange: Scenario - Subtract a small number from a bigger number] -->
                            <pre class="log">done: CalculatorStepDefinitions.GivenTheFirstNumberIs(100) (0.0s)</pre>
                        </td>
                        <td>Succeeded in 0.003s</td>
                    </tr>
                    <tr>
                        <td>
                            <pre class="log">And the second number is 75</pre>
                        </td>
                        <td>
                            <!-- [TestArrange: Scenario - Subtract a small number from a bigger number] -->
                            <pre class="log">done: CalculatorStepDefinitions.GivenTheSecondNumberIs(75) (0.0s)</pre>
                        </td>
                        <td>Succeeded in 0.001s</td>
                    </tr>
                    <tr>
                        <td>
                            <pre class="log">When the two numbers are subtracted</pre>
                        </td>
                        <td>
                            <!-- [TestAct: Scenario - Subtract a small number from a bigger number] -->
                            <pre class="log">done: CalculatorStepDefinitions.WhenTwoNumbersAreAdded() (0.0s)</pre>
                        </td>
                        <td>Succeeded in 0.002s</td>
                    </tr>
                    <tr>
                        <td>
                            <pre class="log">Then the result should be 25</pre>
                        </td>
                        <td>
                            <!-- [TestAssert: Scenario - Subtract a small number from a bigger number] -->
                            <pre class="log">error: Expected _result to be 25, but found -75. (0.0s)</pre>
                                <div class="errorMessage">Expected _result to be 25, but found -75.</div>
                                <pre class="stackTrace">FluentAssertions.Execution.AssertionFailedException: Expected _result to be 25, but found -75.
   at FluentAssertions.Execution.FallbackTestFramework.Throw(String message) in C:\projects\fluentassertions-vf06b\Src\FluentAssertions\Execution\FallbackTestFramework.cs:line 18
   at FluentAssertions.Execution.TestFrameworkProvider.Throw(String message) in C:\projects\fluentassertions-vf06b\Src\FluentAssertions\Execution\TestFrameworkProvider.cs:line 40
   at FluentAssertions.Execution.DefaultAssertionStrategy.HandleFailure(String message) in C:\projects\fluentassertions-vf06b\Src\FluentAssertions\Execution\DefaultAssertionStrategy.cs:line 29
   at FluentAssertions.Execution.AssertionScope.FailWith(Func`1 failReasonFunc) in C:\projects\fluentassertions-vf06b\Src\FluentAssertions\Execution\AssertionScope.cs:line 223
   at FluentAssertions.Execution.AssertionScope.FailWith(Func`1 failReasonFunc) in C:\projects\fluentassertions-vf06b\Src\FluentAssertions\Execution\AssertionScope.cs:line 196
   at FluentAssertions.Execution.AssertionScope.FailWith(String message, Object[] args) in C:\projects\fluentassertions-vf06b\Src\FluentAssertions\Execution\AssertionScope.cs:line 238
   at FluentAssertions.Numeric.NumericAssertions`1.Be(T expected, String because, Object[] becauseArgs) in C:\projects\fluentassertions-vf06b\Src\FluentAssertions\Numeric\NumericAssertions.cs:line 46
   at SpecFlowProject1.Steps.CalculatorStepDefinitions.ThenTheResultShouldBe(Int32 result) in E:\inclass\inClassProject1\SpecFlowProject1\Steps\CalculatorStepDefinitions.cs:line 72
   at TechTalk.SpecFlow.Bindings.BindingInvoker.InvokeBinding(IBinding binding, IContextManager contextManager, Object[] arguments, ITestTracer testTracer, TimeSpan&amp; duration) in D:\a\1\s\TechTalk.SpecFlow\Bindings\BindingInvoker.cs:line 73
   at TechTalk.SpecFlow.Infrastructure.TestExecutionEngine.ExecuteStepMatch(BindingMatch match, Object[] arguments, TimeSpan&amp; duration) in D:\a\1\s\TechTalk.SpecFlow\Infrastructure\TestExecutionEngine.cs:line 618
   at TechTalk.SpecRun.SpecFlowPlugin.Runtime.RunnerTestExecutionEngine.ExecuteStepMatch(BindingMatch match, Object[] arguments, TimeSpan&amp; duration)
   at TechTalk.SpecFlow.Infrastructure.TestExecutionEngine.ExecuteStep(IContextManager contextManager, StepInstance stepInstance) in D:\a\1\s\TechTalk.SpecFlow\Infrastructure\TestExecutionEngine.cs:line 531
   at TechTalk.SpecFlow.Infrastructure.TestExecutionEngine.OnAfterLastStep() in D:\a\1\s\TechTalk.SpecFlow\Infrastructure\TestExecutionEngine.cs:line 286
   at TechTalk.SpecRun.SpecFlowPlugin.Runtime.RunnerTestExecutionEngine.OnAfterLastStep()
   at TechTalk.SpecFlow.TestRunner.CollectScenarioErrors() in D:\a\1\s\TechTalk.SpecFlow\TestRunner.cs:line 59
   at SpecFlowProject1.Features.CalculatorFeature.ScenarioCleanup()
   at SpecFlowProject1.Features.CalculatorFeature.SubtractASmallNumberFromABiggerNumber() in E:\inclass\inClassProject1\SpecFlowProject1\Features\Calculator.feature:line 26
   at TechTalk.SpecRun.Framework.TaskExecutors.StaticOrInstanceMethodExecutor.ExecuteInternal(ITestThreadExecutionContext testThreadExecutionContext)
   at TechTalk.SpecRun.Framework.TaskExecutors.StaticOrInstanceMethodExecutor.Execute(ITestThreadExecutionContext testThreadExecutionContext)
   at TechTalk.SpecRun.Framework.TestNodeTask.Execute()</pre>
                        </td>
                        <td>Failed in 0.002s</td>
                    </tr>
            </table>
            <a name="t-1413534978.0" />
            <h3>Scenario: Subtract a bigger number from a smaller number (in SpecFlowProject1, Calculator)</h3>
            <ul>
                <li>Status: Skipped</li>
                <li>Start time: 10/20/2021 12:06:59 PM</li>
                <li>Execution time (sec): 1.98E-05</li>
                <li>Thread: #-1</li>
            </ul>
            <table class="testEvents">
                <tr>
                    <th>Steps</th>
                    <th>Trace</th>
                    <th>Result</th>
                </tr>
            </table>
            <a name="t-1192747935.0" />
            <h3>Scenario: Multiply two positive numbers (in SpecFlowProject1, Calculator)</h3>
            <ul>
                <li>Status: Skipped</li>
                <li>Start time: 10/20/2021 12:06:59 PM</li>
                <li>Execution time (sec): 1.6E-06</li>
                <li>Thread: #-1</li>
            </ul>
            <table class="testEvents">
                <tr>
                    <th>Steps</th>
                    <th>Trace</th>
                    <th>Result</th>
                </tr>
            </table>
            <a name="t-1143667803.0" />
            <h3>Scenario: Divide two numbers (in SpecFlowProject1, Calculator)</h3>
            <ul>
                <li>Status: Skipped</li>
                <li>Start time: 10/20/2021 12:06:59 PM</li>
                <li>Execution time (sec): 1.3E-06</li>
                <li>Thread: #-1</li>
            </ul>
            <table class="testEvents">
                <tr>
                    <th>Steps</th>
                    <th>Trace</th>
                    <th>Result</th>
                </tr>
            </table>
            <a name="t1184230755.0" />
            <h3>Scenario: Float Division (in SpecFlowProject1, Calculator)</h3>
            <ul>
                <li>Status: Skipped</li>
                <li>Start time: 10/20/2021 12:06:59 PM</li>
                <li>Execution time (sec): 2.5E-06</li>
                <li>Thread: #-1</li>
            </ul>
            <table class="testEvents">
                <tr>
                    <th>Steps</th>
                    <th>Trace</th>
                    <th>Result</th>
                </tr>
            </table>
            <a name="t-1861875422.0" />
            <h3>Scenario: Heber assignment 1 (in SpecFlowProject1, Calculator)</h3>
            <ul>
                <li>Status: Skipped</li>
                <li>Start time: 10/20/2021 12:06:59 PM</li>
                <li>Execution time (sec): 1.7E-06</li>
                <li>Thread: #-1</li>
            </ul>
            <table class="testEvents">
                <tr>
                    <th>Steps</th>
                    <th>Trace</th>
                    <th>Result</th>
                </tr>
            </table>
            <a name="t803314823.0" />
            <h3>Scenario: Heber assignment 2 (in SpecFlowProject1, Calculator)</h3>
            <ul>
                <li>Status: Skipped</li>
                <li>Start time: 10/20/2021 12:06:59 PM</li>
                <li>Execution time (sec): 2.2E-06</li>
                <li>Thread: #-1</li>
            </ul>
            <table class="testEvents">
                <tr>
                    <th>Steps</th>
                    <th>Trace</th>
                    <th>Result</th>
                </tr>
            </table>
            <a name="t1389591078.0" />
            <h3>Scenario: Heber assingment 3 (in SpecFlowProject1, Calculator)</h3>
            <ul>
                <li>Status: Skipped</li>
                <li>Start time: 10/20/2021 12:06:59 PM</li>
                <li>Execution time (sec): 1.7E-06</li>
                <li>Thread: #-1</li>
            </ul>
            <table class="testEvents">
                <tr>
                    <th>Steps</th>
                    <th>Trace</th>
                    <th>Result</th>
                </tr>
            </table>
            <a name="t1764780877.0" />
            <h3>Scenario: Heber assignment 4 (in SpecFlowProject1, Calculator)</h3>
            <ul>
                <li>Status: Skipped</li>
                <li>Start time: 10/20/2021 12:06:59 PM</li>
                <li>Execution time (sec): 2.9E-06</li>
                <li>Thread: #-1</li>
            </ul>
            <table class="testEvents">
                <tr>
                    <th>Steps</th>
                    <th>Trace</th>
                    <th>Result</th>
                </tr>
            </table>
	</body>
</html>